New log file opened at Sun Jun 26 08:25:05 NPT 2016 by 3300@rajan
Sending msg to client play-fork-run-4f4786dc-3549-4f9c-9b47-381e61aa936f: DetachedLogEvent(LogMessage(debug,sbt server socket logs are in: /home/rajan/formfeed/.sbtserver/connections/master.log))
Sending msg to client play-fork-run-4f4786dc-3549-4f9c-9b47-381e61aa936f: DetachedLogEvent(LogMessage(debug,sbt general server logs are in: /home/rajan/formfeed/.sbtserver/master.log))
Sending msg to client play-fork-run-4f4786dc-3549-4f9c-9b47-381e61aa936f: DetachedLogEvent(LogMessage(debug,sbt client logs are in: /home/rajan/formfeed/.sbtserver/connections/play-fork-run-4f4786dc-3549-4f9c-9b47-381e61aa936f.log))
Reading next message from client.
Got request: DaemonRequest(true)
Reading next message from client.
Sending msg to client play-fork-run-4f4786dc-3549-4f9c-9b47-381e61aa936f: (3,ReceivedResponse())
Got request: ListenToEvents()
Reading next message from client.
Sending msg to client play-fork-run-4f4786dc-3549-4f9c-9b47-381e61aa936f: BackgroundJobStarted(5,BackgroundJobInfo(1,backgroundRun,AttributeKey[sbt.BackgroundJobHandle]("backgroundRun") in Scope(Build: file:/home/rajan/formfeed/, , Project: ProjectReference(file:/home/rajan/formfeed/,root), Config: compile)))
Sending msg to client play-fork-run-4f4786dc-3549-4f9c-9b47-381e61aa936f: (4,ReceivedResponse())
Got request: KeyLookupRequest(root/playForkConfig)
Reading next message from client.
Sending msg to client play-fork-run-4f4786dc-3549-4f9c-9b47-381e61aa936f: (5,KeyLookupResponse(root/playForkConfig,Vector(AttributeKey[play.forkrun.protocol.ForkConfig]("playForkConfig") in Scope(Build: file:/home/rajan/formfeed/, , Project: ProjectReference(file:/home/rajan/formfeed/,root)))))
Got request: ListenToValue(AttributeKey[play.forkrun.protocol.ForkConfig]("playForkConfig") in Scope(Build: file:/home/rajan/formfeed/, , Project: ProjectReference(file:/home/rajan/formfeed/,root)))
Reading next message from client.
Sending msg to client play-fork-run-4f4786dc-3549-4f9c-9b47-381e61aa936f: (6,ReceivedResponse())
Got request: KeyExecutionRequest(AttributeKey[play.forkrun.protocol.ForkConfig]("playForkConfig") in Scope(Build: file:/home/rajan/formfeed/, , Project: ProjectReference(file:/home/rajan/formfeed/,root)))
Reading next message from client.
Sending msg to client play-fork-run-4f4786dc-3549-4f9c-9b47-381e61aa936f: (7,ExecutionRequestReceived(6))
Sending msg to client play-fork-run-4f4786dc-3549-4f9c-9b47-381e61aa936f: ExecutionWaiting(6,{file:/home/rajan/formfeed/}root/*:playForkConfig,ClientInfo(4f4786dc-3549-4f9c-9b47-381e61aa936f,play-fork-run,Play Fork Run,1,Vector()))
Sending msg to client play-fork-run-4f4786dc-3549-4f9c-9b47-381e61aa936f: ExecutionStarting(6)
Sending msg to client play-fork-run-4f4786dc-3549-4f9c-9b47-381e61aa936f: DetachedLogEvent(LogMessage(debug,> {file:/home/rajan/formfeed/}root/*:playForkConfig))
Sending msg to client play-fork-run-4f4786dc-3549-4f9c-9b47-381e61aa936f: DetachedLogEvent(LogMessage(debug,Evaluating tasks: *:playForkConfig))
Sending msg to client play-fork-run-4f4786dc-3549-4f9c-9b47-381e61aa936f: DetachedLogEvent(LogMessage(debug,Running task... Cancel: sbt.server.ServerTaskCancellation@4f6ce2cf, check cycles: false))
Sending msg to client play-fork-run-4f4786dc-3549-4f9c-9b47-381e61aa936f: DetachedLogEvent(LogMessage(debug,cancel strategy start enabled=true lastCommand=Some(LastCommand(CommandExecutionWork(ExecutionId(6),{file:/home/rajan/formfeed/}root/*:playForkConfig,Set(LiveClient(play-fork-run 4f4786dc-3549-4f9c-9b47-381e61aa936f)),sbt.server.WorkCancellationStatus$$anon$1@5869912b)))))
Sending msg to client play-fork-run-4f4786dc-3549-4f9c-9b47-381e61aa936f: TaskStarted(6,309,None)
Sending msg to client play-fork-run-4f4786dc-3549-4f9c-9b47-381e61aa936f: TaskStarted(6,310,Some(AttributeKey[boolean]("skip") in Scope(Global)))
Sending msg to client play-fork-run-4f4786dc-3549-4f9c-9b47-381e61aa936f: TaskStarted(6,311,Some(AttributeKey[java.lang.String]("updateCacheName") in Scope(Build: file:/home/rajan/formfeed/, , Project: ProjectReference(file:/home/rajan/formfeed/,root))))
Sending msg to client play-fork-run-4f4786dc-3549-4f9c-9b47-381e61aa936f: TaskStarted(6,313,None)
Sending msg to client play-fork-run-4f4786dc-3549-4f9c-9b47-381e61aa936f: TaskStarted(6,317,None)
Sending msg to client play-fork-run-4f4786dc-3549-4f9c-9b47-381e61aa936f: TaskStarted(6,321,None)
Sending msg to client play-fork-run-4f4786dc-3549-4f9c-9b47-381e61aa936f: TaskStarted(6,327,Some(AttributeKey[scala.collection.Seq[sbt.Credentials]]("credentials") in Scope(Global)))
Sending msg to client play-fork-run-4f4786dc-3549-4f9c-9b47-381e61aa936f: TaskStarted(6,331,Some(AttributeKey[scala.Option[scala.collection.Seq[sbt.Resolver]]]("bootResolvers") in Scope(Build: file:/home/rajan/formfeed/, , Project: ProjectReference(file:/home/rajan/formfeed/,root))))
Sending msg to client play-fork-run-4f4786dc-3549-4f9c-9b47-381e61aa936f: TaskStarted(6,332,Some(AttributeKey[scala.collection.Seq[sbt.Resolver]]("externalResolvers") in Scope(Build: file:/home/rajan/formfeed/, , Project: ProjectReference(file:/home/rajan/formfeed/,root))))
Sending msg to client play-fork-run-4f4786dc-3549-4f9c-9b47-381e61aa936f: TaskStarted(6,339,None)
Sending msg to client play-fork-run-4f4786dc-3549-4f9c-9b47-381e61aa936f: TaskStarted(6,340,None)
Sending msg to client play-fork-run-4f4786dc-3549-4f9c-9b47-381e61aa936f: TaskStarted(6,348,None)
Sending msg to client play-fork-run-4f4786dc-3549-4f9c-9b47-381e61aa936f: TaskStarted(6,355,Some(AttributeKey[scala.Tuple2[java.lang.String,java.io.File]]("playPrefixAndAssets") in Scope(Build: file:/home/rajan/formfeed/, , Project: ProjectReference(file:/home/rajan/formfeed/,root))))
Sending msg to client play-fork-run-4f4786dc-3549-4f9c-9b47-381e61aa936f: TaskStarted(6,357,None)
Sending msg to client play-fork-run-4f4786dc-3549-4f9c-9b47-381e61aa936f: TaskStarted(6,358,Some(AttributeKey[scala.collection.Seq[java.lang.String]]("javaOptions") in Scope(Global)))
Sending msg to client play-fork-run-4f4786dc-3549-4f9c-9b47-381e61aa936f: TaskStarted(6,360,None)
Sending msg to client play-fork-run-4f4786dc-3549-4f9c-9b47-381e61aa936f: TaskStarted(6,361,Some(AttributeKey[scala.Option[java.lang.String]]("mainClass") in Scope(Build: file:/home/rajan/formfeed/, , Project: ProjectReference(file:/home/rajan/formfeed/,root), Config: compile, Task: AttributeKey[void]("run"))))
Sending msg to client play-fork-run-4f4786dc-3549-4f9c-9b47-381e61aa936f: TaskFinished(6,309,None,true,None)
Sending msg to client play-fork-run-4f4786dc-3549-4f9c-9b47-381e61aa936f: TaskFinished(6,310,Some(AttributeKey[boolean]("skip") in Scope(Global)),true,None)
Sending msg to client play-fork-run-4f4786dc-3549-4f9c-9b47-381e61aa936f: TaskFinished(6,311,Some(AttributeKey[java.lang.String]("updateCacheName") in Scope(Build: file:/home/rajan/formfeed/, , Project: ProjectReference(file:/home/rajan/formfeed/,root))),true,None)
Sending msg to client play-fork-run-4f4786dc-3549-4f9c-9b47-381e61aa936f: TaskFinished(6,313,None,true,None)
Sending msg to client play-fork-run-4f4786dc-3549-4f9c-9b47-381e61aa936f: TaskStarted(6,312,None)
Sending msg to client play-fork-run-4f4786dc-3549-4f9c-9b47-381e61aa936f: TaskStarted(6,316,None)
Sending msg to client play-fork-run-4f4786dc-3549-4f9c-9b47-381e61aa936f: TaskStarted(6,328,None)
Sending msg to client play-fork-run-4f4786dc-3549-4f9c-9b47-381e61aa936f: TaskStarted(6,335,None)
Sending msg to client play-fork-run-4f4786dc-3549-4f9c-9b47-381e61aa936f: TaskStarted(6,336,None)
Sending msg to client play-fork-run-4f4786dc-3549-4f9c-9b47-381e61aa936f: TaskStarted(6,349,None)
Sending msg to client play-fork-run-4f4786dc-3549-4f9c-9b47-381e61aa936f: TaskStarted(6,351,None)
Sending msg to client play-fork-run-4f4786dc-3549-4f9c-9b47-381e61aa936f: TaskStarted(6,353,None)
Sending msg to client play-fork-run-4f4786dc-3549-4f9c-9b47-381e61aa936f: TaskFinished(6,317,None,true,None)
Sending msg to client play-fork-run-4f4786dc-3549-4f9c-9b47-381e61aa936f: TaskStarted(6,320,Some(AttributeKey[sbt.BuildStructure]("buildStructure") in Scope(Global)))
Sending msg to client play-fork-run-4f4786dc-3549-4f9c-9b47-381e61aa936f: TaskStarted(6,337,Some(AttributeKey[java.io.File]("dependencyCacheDirectory") in Scope(Build: file:/home/rajan/formfeed/, , Project: ProjectReference(file:/home/rajan/formfeed/,root))))
Sending msg to client play-fork-run-4f4786dc-3549-4f9c-9b47-381e61aa936f: TaskFinished(6,327,Some(AttributeKey[scala.collection.Seq[sbt.Credentials]]("credentials") in Scope(Global)),true,None)
Sending msg to client play-fork-run-4f4786dc-3549-4f9c-9b47-381e61aa936f: TaskFinished(6,331,Some(AttributeKey[scala.Option[scala.collection.Seq[sbt.Resolver]]]("bootResolvers") in Scope(Build: file:/home/rajan/formfeed/, , Project: ProjectReference(file:/home/rajan/formfeed/,root))),true,None)
Sending msg to client play-fork-run-4f4786dc-3549-4f9c-9b47-381e61aa936f: TaskFinished(6,321,None,true,None)
Sending msg to client play-fork-run-4f4786dc-3549-4f9c-9b47-381e61aa936f: TaskFinished(6,332,Some(AttributeKey[scala.collection.Seq[sbt.Resolver]]("externalResolvers") in Scope(Build: file:/home/rajan/formfeed/, , Project: ProjectReference(file:/home/rajan/formfeed/,root))),true,None)
Sending msg to client play-fork-run-4f4786dc-3549-4f9c-9b47-381e61aa936f: TaskFinished(6,339,None,true,None)
Sending msg to client play-fork-run-4f4786dc-3549-4f9c-9b47-381e61aa936f: TaskFinished(6,340,None,true,None)
Sending msg to client play-fork-run-4f4786dc-3549-4f9c-9b47-381e61aa936f: TaskStarted(6,338,Some(AttributeKey[scala.collection.Seq[sbt.UpdateReport]]("transitiveUpdate") in Scope(Build: file:/home/rajan/formfeed/, , Project: ProjectReference(file:/home/rajan/formfeed/,root))))
Sending msg to client play-fork-run-4f4786dc-3549-4f9c-9b47-381e61aa936f: TaskFinished(6,348,None,true,None)
Sending msg to client play-fork-run-4f4786dc-3549-4f9c-9b47-381e61aa936f: TaskFinished(6,355,Some(AttributeKey[scala.Tuple2[java.lang.String,java.io.File]]("playPrefixAndAssets") in Scope(Build: file:/home/rajan/formfeed/, , Project: ProjectReference(file:/home/rajan/formfeed/,root))),true,None)
Sending msg to client play-fork-run-4f4786dc-3549-4f9c-9b47-381e61aa936f: TaskStarted(6,354,Some(AttributeKey[scala.collection.Seq[scala.Tuple2[java.lang.String,java.io.File]]]("playAllAssets") in Scope(Build: file:/home/rajan/formfeed/, , Project: ProjectReference(file:/home/rajan/formfeed/,root))))
Sending msg to client play-fork-run-4f4786dc-3549-4f9c-9b47-381e61aa936f: TaskFinished(6,357,None,true,None)
Sending msg to client play-fork-run-4f4786dc-3549-4f9c-9b47-381e61aa936f: TaskFinished(6,358,Some(AttributeKey[scala.collection.Seq[java.lang.String]]("javaOptions") in Scope(Global)),true,None)
Sending msg to client play-fork-run-4f4786dc-3549-4f9c-9b47-381e61aa936f: TaskStarted(6,356,Some(AttributeKey[scala.collection.Seq[java.lang.String]]("javaOptions") in Scope(Build: file:/home/rajan/formfeed/, )))
Sending msg to client play-fork-run-4f4786dc-3549-4f9c-9b47-381e61aa936f: TaskFinished(6,360,None,true,None)
Sending msg to client play-fork-run-4f4786dc-3549-4f9c-9b47-381e61aa936f: TaskFinished(6,361,Some(AttributeKey[scala.Option[java.lang.String]]("mainClass") in Scope(Build: file:/home/rajan/formfeed/, , Project: ProjectReference(file:/home/rajan/formfeed/,root), Config: compile, Task: AttributeKey[void]("run"))),true,None)
Sending msg to client play-fork-run-4f4786dc-3549-4f9c-9b47-381e61aa936f: TaskFinished(6,312,None,true,None)
Sending msg to client play-fork-run-4f4786dc-3549-4f9c-9b47-381e61aa936f: TaskFinished(6,316,None,true,None)
Sending msg to client play-fork-run-4f4786dc-3549-4f9c-9b47-381e61aa936f: TaskStarted(6,315,Some(AttributeKey[scala.collection.immutable.Map[sbt.ModuleID,sbt.SourcePosition]]("dependencyPositions") in Scope(Build: file:/home/rajan/formfeed/, , Project: ProjectReference(file:/home/rajan/formfeed/,root))))
Sending msg to client play-fork-run-4f4786dc-3549-4f9c-9b47-381e61aa936f: TaskFinished(6,328,None,true,None)
Sending msg to client play-fork-run-4f4786dc-3549-4f9c-9b47-381e61aa936f: TaskFinished(6,335,None,true,None)
Sending msg to client play-fork-run-4f4786dc-3549-4f9c-9b47-381e61aa936f: TaskFinished(6,336,None,true,None)
Sending msg to client play-fork-run-4f4786dc-3549-4f9c-9b47-381e61aa936f: TaskFinished(6,349,None,true,None)
Sending msg to client play-fork-run-4f4786dc-3549-4f9c-9b47-381e61aa936f: TaskFinished(6,351,None,true,None)
Sending msg to client play-fork-run-4f4786dc-3549-4f9c-9b47-381e61aa936f: TaskFinished(6,353,None,true,None)
Sending msg to client play-fork-run-4f4786dc-3549-4f9c-9b47-381e61aa936f: TaskFinished(6,320,Some(AttributeKey[sbt.BuildStructure]("buildStructure") in Scope(Global)),true,None)
Sending msg to client play-fork-run-4f4786dc-3549-4f9c-9b47-381e61aa936f: TaskStarted(6,319,Some(AttributeKey[sbt.Settings[sbt.Scope]]("settingsData") in Scope(Global)))
Sending msg to client play-fork-run-4f4786dc-3549-4f9c-9b47-381e61aa936f: TaskFinished(6,337,Some(AttributeKey[java.io.File]("dependencyCacheDirectory") in Scope(Build: file:/home/rajan/formfeed/, , Project: ProjectReference(file:/home/rajan/formfeed/,root))),true,None)
Sending msg to client play-fork-run-4f4786dc-3549-4f9c-9b47-381e61aa936f: TaskFinished(6,338,Some(AttributeKey[scala.collection.Seq[sbt.UpdateReport]]("transitiveUpdate") in Scope(Build: file:/home/rajan/formfeed/, , Project: ProjectReference(file:/home/rajan/formfeed/,root))),true,None)
Sending msg to client play-fork-run-4f4786dc-3549-4f9c-9b47-381e61aa936f: TaskFinished(6,354,Some(AttributeKey[scala.collection.Seq[scala.Tuple2[java.lang.String,java.io.File]]]("playAllAssets") in Scope(Build: file:/home/rajan/formfeed/, , Project: ProjectReference(file:/home/rajan/formfeed/,root))),true,None)
Sending msg to client play-fork-run-4f4786dc-3549-4f9c-9b47-381e61aa936f: TaskFinished(6,356,Some(AttributeKey[scala.collection.Seq[java.lang.String]]("javaOptions") in Scope(Build: file:/home/rajan/formfeed/, )),true,None)
Sending msg to client play-fork-run-4f4786dc-3549-4f9c-9b47-381e61aa936f: TaskFinished(6,315,Some(AttributeKey[scala.collection.immutable.Map[sbt.ModuleID,sbt.SourcePosition]]("dependencyPositions") in Scope(Build: file:/home/rajan/formfeed/, , Project: ProjectReference(file:/home/rajan/formfeed/,root))),true,None)
Sending msg to client play-fork-run-4f4786dc-3549-4f9c-9b47-381e61aa936f: TaskStarted(6,314,Some(AttributeKey[sbt.UnresolvedWarningConfiguration]("unresolvedWarningConfiguration") in Scope(Build: file:/home/rajan/formfeed/, , Project: ProjectReference(file:/home/rajan/formfeed/,root), Task: AttributeKey[sbt.UpdateReport]("update"))))
Sending msg to client play-fork-run-4f4786dc-3549-4f9c-9b47-381e61aa936f: TaskFinished(6,319,Some(AttributeKey[sbt.Settings[sbt.Scope]]("settingsData") in Scope(Global)),true,None)
Sending msg to client play-fork-run-4f4786dc-3549-4f9c-9b47-381e61aa936f: TaskStarted(6,318,None)
Sending msg to client play-fork-run-4f4786dc-3549-4f9c-9b47-381e61aa936f: TaskStarted(6,325,Some(AttributeKey[scala.collection.Seq[sbt.ModuleID]]("projectDependencies") in Scope(Build: file:/home/rajan/formfeed/, , Project: ProjectReference(file:/home/rajan/formfeed/,root))))
Sending msg to client play-fork-run-4f4786dc-3549-4f9c-9b47-381e61aa936f: TaskStarted(6,334,Some(AttributeKey[scala.collection.immutable.Map[org.apache.ivy.core.module.id.ModuleRevisionId,org.apache.ivy.core.module.descriptor.ModuleDescriptor]]("projectDescriptors") in Scope(Build: file:/home/rajan/formfeed/, , Project: ProjectReference(file:/home/rajan/formfeed/,root))))
Sending msg to client play-fork-run-4f4786dc-3549-4f9c-9b47-381e61aa936f: TaskStarted(6,352,None)
Sending msg to client play-fork-run-4f4786dc-3549-4f9c-9b47-381e61aa936f: TaskStarted(6,359,Some(AttributeKey[scala.collection.Seq[java.io.File]]("playMonitoredFiles") in Scope(Build: file:/home/rajan/formfeed/, , Project: ProjectReference(file:/home/rajan/formfeed/,root))))
Sending msg to client play-fork-run-4f4786dc-3549-4f9c-9b47-381e61aa936f: TaskFinished(6,314,Some(AttributeKey[sbt.UnresolvedWarningConfiguration]("unresolvedWarningConfiguration") in Scope(Build: file:/home/rajan/formfeed/, , Project: ProjectReference(file:/home/rajan/formfeed/,root), Task: AttributeKey[sbt.UpdateReport]("update"))),true,None)
Sending msg to client play-fork-run-4f4786dc-3549-4f9c-9b47-381e61aa936f: TaskStarted(6,362,None)
Sending msg to client play-fork-run-4f4786dc-3549-4f9c-9b47-381e61aa936f: TaskFinished(6,325,Some(AttributeKey[scala.collection.Seq[sbt.ModuleID]]("projectDependencies") in Scope(Build: file:/home/rajan/formfeed/, , Project: ProjectReference(file:/home/rajan/formfeed/,root))),true,None)
Sending msg to client play-fork-run-4f4786dc-3549-4f9c-9b47-381e61aa936f: TaskStarted(6,324,Some(AttributeKey[scala.collection.Seq[sbt.ModuleID]]("allDependencies") in Scope(Build: file:/home/rajan/formfeed/, , Project: ProjectReference(file:/home/rajan/formfeed/,root))))
Sending msg to client play-fork-run-4f4786dc-3549-4f9c-9b47-381e61aa936f: TaskStarted(6,364,None)
Sending msg to client play-fork-run-4f4786dc-3549-4f9c-9b47-381e61aa936f: TaskStarted(6,369,None)
Sending msg to client play-fork-run-4f4786dc-3549-4f9c-9b47-381e61aa936f: TaskStarted(6,370,None)
Sending msg to client play-fork-run-4f4786dc-3549-4f9c-9b47-381e61aa936f: TaskStarted(6,372,None)
Sending msg to client play-fork-run-4f4786dc-3549-4f9c-9b47-381e61aa936f: TaskStarted(6,374,None)
Sending msg to client play-fork-run-4f4786dc-3549-4f9c-9b47-381e61aa936f: TaskStarted(6,375,None)
Sending msg to client play-fork-run-4f4786dc-3549-4f9c-9b47-381e61aa936f: TaskStarted(6,376,None)
Sending msg to client play-fork-run-4f4786dc-3549-4f9c-9b47-381e61aa936f: TaskFinished(6,362,None,true,None)
Sending msg to client play-fork-run-4f4786dc-3549-4f9c-9b47-381e61aa936f: TaskFinished(6,318,None,true,None)
Sending msg to client play-fork-run-4f4786dc-3549-4f9c-9b47-381e61aa936f: TaskFinished(6,324,Some(AttributeKey[scala.collection.Seq[sbt.ModuleID]]("allDependencies") in Scope(Build: file:/home/rajan/formfeed/, , Project: ProjectReference(file:/home/rajan/formfeed/,root))),true,None)
Sending msg to client play-fork-run-4f4786dc-3549-4f9c-9b47-381e61aa936f: TaskStarted(6,323,Some(AttributeKey[sbt.ModuleSettings]("moduleSettings") in Scope(Build: file:/home/rajan/formfeed/, , Project: ProjectReference(file:/home/rajan/formfeed/,root))))
Sending msg to client play-fork-run-4f4786dc-3549-4f9c-9b47-381e61aa936f: TaskFinished(6,364,None,true,None)
Sending msg to client play-fork-run-4f4786dc-3549-4f9c-9b47-381e61aa936f: TaskStarted(6,363,None)
Sending msg to client play-fork-run-4f4786dc-3549-4f9c-9b47-381e61aa936f: TaskFinished(6,369,None,true,None)
Sending msg to client play-fork-run-4f4786dc-3549-4f9c-9b47-381e61aa936f: TaskFinished(6,370,None,true,None)
Sending msg to client play-fork-run-4f4786dc-3549-4f9c-9b47-381e61aa936f: TaskStarted(6,368,Some(AttributeKey[scala.collection.Seq[sbt.Attributed[java.io.File]]]("unmanagedJars") in Scope(Build: file:/home/rajan/formfeed/, , Project: ProjectReference(file:/home/rajan/formfeed/,root), Config: compile)))
Sending msg to client play-fork-run-4f4786dc-3549-4f9c-9b47-381e61aa936f: TaskFinished(6,372,None,true,None)
Sending msg to client play-fork-run-4f4786dc-3549-4f9c-9b47-381e61aa936f: TaskStarted(6,371,None)
Sending msg to client play-fork-run-4f4786dc-3549-4f9c-9b47-381e61aa936f: TaskFinished(6,374,None,true,None)
Sending msg to client play-fork-run-4f4786dc-3549-4f9c-9b47-381e61aa936f: TaskFinished(6,375,None,true,None)
Sending msg to client play-fork-run-4f4786dc-3549-4f9c-9b47-381e61aa936f: TaskStarted(6,373,Some(AttributeKey[scala.collection.Seq[sbt.Attributed[java.io.File]]]("unmanagedJars") in Scope(Build: file:/home/rajan/formfeed/, , Project: ProjectReference(file:/home/rajan/formfeed/,root), Config: runtime)))
Sending msg to client play-fork-run-4f4786dc-3549-4f9c-9b47-381e61aa936f: TaskFinished(6,323,Some(AttributeKey[sbt.ModuleSettings]("moduleSettings") in Scope(Build: file:/home/rajan/formfeed/, , Project: ProjectReference(file:/home/rajan/formfeed/,root))),true,None)
Sending msg to client play-fork-run-4f4786dc-3549-4f9c-9b47-381e61aa936f: TaskFinished(6,363,None,true,None)
Sending msg to client play-fork-run-4f4786dc-3549-4f9c-9b47-381e61aa936f: TaskFinished(6,334,Some(AttributeKey[scala.collection.immutable.Map[org.apache.ivy.core.module.id.ModuleRevisionId,org.apache.ivy.core.module.descriptor.ModuleDescriptor]]("projectDescriptors") in Scope(Build: file:/home/rajan/formfeed/, , Project: ProjectReference(file:/home/rajan/formfeed/,root))),true,None)
Sending msg to client play-fork-run-4f4786dc-3549-4f9c-9b47-381e61aa936f: TaskStarted(6,333,Some(AttributeKey[sbt.Resolver]("projectResolver") in Scope(Build: file:/home/rajan/formfeed/, , Project: ProjectReference(file:/home/rajan/formfeed/,root))))
Sending msg to client play-fork-run-4f4786dc-3549-4f9c-9b47-381e61aa936f: TaskFinished(6,376,None,true,None)
Sending msg to client play-fork-run-4f4786dc-3549-4f9c-9b47-381e61aa936f: TaskFinished(6,359,Some(AttributeKey[scala.collection.Seq[java.io.File]]("playMonitoredFiles") in Scope(Build: file:/home/rajan/formfeed/, , Project: ProjectReference(file:/home/rajan/formfeed/,root))),true,None)
Sending msg to client play-fork-run-4f4786dc-3549-4f9c-9b47-381e61aa936f: TaskFinished(6,368,Some(AttributeKey[scala.collection.Seq[sbt.Attributed[java.io.File]]]("unmanagedJars") in Scope(Build: file:/home/rajan/formfeed/, , Project: ProjectReference(file:/home/rajan/formfeed/,root), Config: compile)),true,None)
Sending msg to client play-fork-run-4f4786dc-3549-4f9c-9b47-381e61aa936f: TaskStarted(6,377,None)
Sending msg to client play-fork-run-4f4786dc-3549-4f9c-9b47-381e61aa936f: TaskFinished(6,373,Some(AttributeKey[scala.collection.Seq[sbt.Attributed[java.io.File]]]("unmanagedJars") in Scope(Build: file:/home/rajan/formfeed/, , Project: ProjectReference(file:/home/rajan/formfeed/,root), Config: runtime)),true,None)
Sending msg to client play-fork-run-4f4786dc-3549-4f9c-9b47-381e61aa936f: TaskFinished(6,333,Some(AttributeKey[sbt.Resolver]("projectResolver") in Scope(Build: file:/home/rajan/formfeed/, , Project: ProjectReference(file:/home/rajan/formfeed/,root))),true,None)
Sending msg to client play-fork-run-4f4786dc-3549-4f9c-9b47-381e61aa936f: TaskStarted(6,330,Some(AttributeKey[scala.collection.Seq[sbt.Resolver]]("fullResolvers") in Scope(Build: file:/home/rajan/formfeed/, , Project: ProjectReference(file:/home/rajan/formfeed/,root))))
Sending msg to client play-fork-run-4f4786dc-3549-4f9c-9b47-381e61aa936f: TaskFinished(6,377,None,true,None)
Sending msg to client play-fork-run-4f4786dc-3549-4f9c-9b47-381e61aa936f: TaskFinished(6,371,None,true,None)
Sending msg to client play-fork-run-4f4786dc-3549-4f9c-9b47-381e61aa936f: TaskStarted(6,367,Some(AttributeKey[scala.collection.Seq[sbt.Attributed[java.io.File]]]("unmanagedJars") in Scope(Build: file:/home/rajan/formfeed/, , Project: ProjectReference(file:/home/rajan/formfeed/,root), Config: compile)))
Sending msg to client play-fork-run-4f4786dc-3549-4f9c-9b47-381e61aa936f: TaskFinished(6,330,Some(AttributeKey[scala.collection.Seq[sbt.Resolver]]("fullResolvers") in Scope(Build: file:/home/rajan/formfeed/, , Project: ProjectReference(file:/home/rajan/formfeed/,root))),true,None)
Sending msg to client play-fork-run-4f4786dc-3549-4f9c-9b47-381e61aa936f: TaskStarted(6,329,Some(AttributeKey[sbt.IvyConfiguration]("ivyConfiguration") in Scope(Build: file:/home/rajan/formfeed/, , Project: ProjectReference(file:/home/rajan/formfeed/,root))))
Sending msg to client play-fork-run-4f4786dc-3549-4f9c-9b47-381e61aa936f: TaskFinished(6,367,Some(AttributeKey[scala.collection.Seq[sbt.Attributed[java.io.File]]]("unmanagedJars") in Scope(Build: file:/home/rajan/formfeed/, , Project: ProjectReference(file:/home/rajan/formfeed/,root), Config: compile)),true,None)
Sending msg to client play-fork-run-4f4786dc-3549-4f9c-9b47-381e61aa936f: TaskStarted(6,366,None)
Sending msg to client play-fork-run-4f4786dc-3549-4f9c-9b47-381e61aa936f: TaskFinished(6,329,Some(AttributeKey[sbt.IvyConfiguration]("ivyConfiguration") in Scope(Build: file:/home/rajan/formfeed/, , Project: ProjectReference(file:/home/rajan/formfeed/,root))),true,None)
Sending msg to client play-fork-run-4f4786dc-3549-4f9c-9b47-381e61aa936f: TaskStarted(6,326,Some(AttributeKey[sbt.IvySbt]("ivySbt") in Scope(Build: file:/home/rajan/formfeed/, , Project: ProjectReference(file:/home/rajan/formfeed/,root))))
Sending msg to client play-fork-run-4f4786dc-3549-4f9c-9b47-381e61aa936f: TaskFinished(6,366,None,true,None)
Sending msg to client play-fork-run-4f4786dc-3549-4f9c-9b47-381e61aa936f: TaskStarted(6,365,None)
Sending msg to client play-fork-run-4f4786dc-3549-4f9c-9b47-381e61aa936f: TaskFinished(6,326,Some(AttributeKey[sbt.IvySbt]("ivySbt") in Scope(Build: file:/home/rajan/formfeed/, , Project: ProjectReference(file:/home/rajan/formfeed/,root))),true,None)
Sending msg to client play-fork-run-4f4786dc-3549-4f9c-9b47-381e61aa936f: TaskStarted(6,322,Some(AttributeKey[sbt.IvySbt$Module]("ivyModule") in Scope(Build: file:/home/rajan/formfeed/, , Project: ProjectReference(file:/home/rajan/formfeed/,root))))
Sending msg to client play-fork-run-4f4786dc-3549-4f9c-9b47-381e61aa936f: TaskFinished(6,365,None,true,None)
Sending msg to client play-fork-run-4f4786dc-3549-4f9c-9b47-381e61aa936f: TaskFinished(6,352,None,true,None)
Sending msg to client play-fork-run-4f4786dc-3549-4f9c-9b47-381e61aa936f: TaskStarted(6,350,Some(AttributeKey[scala.collection.Seq[sbt.Attributed[java.io.File]]]("unmanagedClasspath") in Scope(Build: file:/home/rajan/formfeed/, , Project: ProjectReference(file:/home/rajan/formfeed/,root), Config: runtime)))
Sending msg to client play-fork-run-4f4786dc-3549-4f9c-9b47-381e61aa936f: TaskFinished(6,322,Some(AttributeKey[sbt.IvySbt$Module]("ivyModule") in Scope(Build: file:/home/rajan/formfeed/, , Project: ProjectReference(file:/home/rajan/formfeed/,root))),true,None)
Sending msg to client play-fork-run-4f4786dc-3549-4f9c-9b47-381e61aa936f: TaskStarted(6,308,Some(AttributeKey[sbt.UpdateReport]("update") in Scope(Build: file:/home/rajan/formfeed/, , Project: ProjectReference(file:/home/rajan/formfeed/,root))))
Sending msg to client play-fork-run-4f4786dc-3549-4f9c-9b47-381e61aa936f: TaskFinished(6,350,Some(AttributeKey[scala.collection.Seq[sbt.Attributed[java.io.File]]]("unmanagedClasspath") in Scope(Build: file:/home/rajan/formfeed/, , Project: ProjectReference(file:/home/rajan/formfeed/,root), Config: runtime)),true,None)
Sending msg to client play-fork-run-4f4786dc-3549-4f9c-9b47-381e61aa936f: TaskFinished(6,308,Some(AttributeKey[sbt.UpdateReport]("update") in Scope(Build: file:/home/rajan/formfeed/, , Project: ProjectReference(file:/home/rajan/formfeed/,root))),true,None)
Sending msg to client play-fork-run-4f4786dc-3549-4f9c-9b47-381e61aa936f: TaskStarted(6,307,Some(AttributeKey[sbt.UpdateReport]("update") in Scope(Build: file:/home/rajan/formfeed/, , Project: ProjectReference(file:/home/rajan/formfeed/,root))))
Sending msg to client play-fork-run-4f4786dc-3549-4f9c-9b47-381e61aa936f: TaskFinished(6,307,Some(AttributeKey[sbt.UpdateReport]("update") in Scope(Build: file:/home/rajan/formfeed/, , Project: ProjectReference(file:/home/rajan/formfeed/,root))),true,None)
Sending msg to client play-fork-run-4f4786dc-3549-4f9c-9b47-381e61aa936f: TaskStarted(6,306,Some(AttributeKey[scala.collection.Seq[sbt.Attributed[java.io.File]]]("managedClasspath") in Scope(Build: file:/home/rajan/formfeed/, , Project: ProjectReference(file:/home/rajan/formfeed/,root), Config: docs)))
Sending msg to client play-fork-run-4f4786dc-3549-4f9c-9b47-381e61aa936f: TaskStarted(6,347,Some(AttributeKey[sbt.Configuration]("classpathConfiguration") in Scope(Build: file:/home/rajan/formfeed/, , Project: ProjectReference(file:/home/rajan/formfeed/,root), Config: compile)))
Sending msg to client play-fork-run-4f4786dc-3549-4f9c-9b47-381e61aa936f: TaskFinished(6,306,Some(AttributeKey[scala.collection.Seq[sbt.Attributed[java.io.File]]]("managedClasspath") in Scope(Build: file:/home/rajan/formfeed/, , Project: ProjectReference(file:/home/rajan/formfeed/,root), Config: docs)),true,None)
Sending msg to client play-fork-run-4f4786dc-3549-4f9c-9b47-381e61aa936f: TaskStarted(6,305,Some(AttributeKey[scala.Option[java.io.File]]("playDocsJar") in Scope(Build: file:/home/rajan/formfeed/, , Project: ProjectReference(file:/home/rajan/formfeed/,root))))
Sending msg to client play-fork-run-4f4786dc-3549-4f9c-9b47-381e61aa936f: TaskFinished(6,347,Some(AttributeKey[sbt.Configuration]("classpathConfiguration") in Scope(Build: file:/home/rajan/formfeed/, , Project: ProjectReference(file:/home/rajan/formfeed/,root), Config: compile)),true,None)
Sending msg to client play-fork-run-4f4786dc-3549-4f9c-9b47-381e61aa936f: TaskStarted(6,346,None)
Sending msg to client play-fork-run-4f4786dc-3549-4f9c-9b47-381e61aa936f: TaskFinished(6,305,Some(AttributeKey[scala.Option[java.io.File]]("playDocsJar") in Scope(Build: file:/home/rajan/formfeed/, , Project: ProjectReference(file:/home/rajan/formfeed/,root))),true,None)
Sending msg to client play-fork-run-4f4786dc-3549-4f9c-9b47-381e61aa936f: TaskFinished(6,346,None,true,None)
Sending msg to client play-fork-run-4f4786dc-3549-4f9c-9b47-381e61aa936f: TaskStarted(6,345,Some(AttributeKey[sbt.Configuration]("classpathConfiguration") in Scope(Build: file:/home/rajan/formfeed/, , Project: ProjectReference(file:/home/rajan/formfeed/,root), Config: runtime)))
Sending msg to client play-fork-run-4f4786dc-3549-4f9c-9b47-381e61aa936f: TaskFinished(6,345,Some(AttributeKey[sbt.Configuration]("classpathConfiguration") in Scope(Build: file:/home/rajan/formfeed/, , Project: ProjectReference(file:/home/rajan/formfeed/,root), Config: runtime)),true,None)
Sending msg to client play-fork-run-4f4786dc-3549-4f9c-9b47-381e61aa936f: TaskStarted(6,344,None)
Sending msg to client play-fork-run-4f4786dc-3549-4f9c-9b47-381e61aa936f: TaskFinished(6,344,None,true,None)
Sending msg to client play-fork-run-4f4786dc-3549-4f9c-9b47-381e61aa936f: TaskStarted(6,343,Some(AttributeKey[scala.collection.Seq[sbt.Attributed[java.io.File]]]("managedClasspath") in Scope(Build: file:/home/rajan/formfeed/, , Project: ProjectReference(file:/home/rajan/formfeed/,root), Config: runtime)))
Sending msg to client play-fork-run-4f4786dc-3549-4f9c-9b47-381e61aa936f: TaskFinished(6,343,Some(AttributeKey[scala.collection.Seq[sbt.Attributed[java.io.File]]]("managedClasspath") in Scope(Build: file:/home/rajan/formfeed/, , Project: ProjectReference(file:/home/rajan/formfeed/,root), Config: runtime)),true,None)
Sending msg to client play-fork-run-4f4786dc-3549-4f9c-9b47-381e61aa936f: TaskStarted(6,342,None)
Sending msg to client play-fork-run-4f4786dc-3549-4f9c-9b47-381e61aa936f: TaskFinished(6,342,None,true,None)
Sending msg to client play-fork-run-4f4786dc-3549-4f9c-9b47-381e61aa936f: TaskStarted(6,341,Some(AttributeKey[scala.collection.Seq[sbt.Attributed[java.io.File]]]("playDependencyClasspath") in Scope(Build: file:/home/rajan/formfeed/, , Project: ProjectReference(file:/home/rajan/formfeed/,root))))
Sending msg to client play-fork-run-4f4786dc-3549-4f9c-9b47-381e61aa936f: TaskFinished(6,341,Some(AttributeKey[scala.collection.Seq[sbt.Attributed[java.io.File]]]("playDependencyClasspath") in Scope(Build: file:/home/rajan/formfeed/, , Project: ProjectReference(file:/home/rajan/formfeed/,root))),true,None)
Sending msg to client play-fork-run-4f4786dc-3549-4f9c-9b47-381e61aa936f: TaskStarted(6,304,Some(AttributeKey[play.forkrun.protocol.ForkConfig]("playForkConfig") in Scope(Build: file:/home/rajan/formfeed/, , Project: ProjectReference(file:/home/rajan/formfeed/,root))))
Sending msg to client play-fork-run-4f4786dc-3549-4f9c-9b47-381e61aa936f: TaskFinished(6,304,Some(AttributeKey[play.forkrun.protocol.ForkConfig]("playForkConfig") in Scope(Build: file:/home/rajan/formfeed/, , Project: ProjectReference(file:/home/rajan/formfeed/,root))),true,None)
Sending msg to client play-fork-run-4f4786dc-3549-4f9c-9b47-381e61aa936f: ValueChanged(AttributeKey[play.forkrun.protocol.ForkConfig]("playForkConfig") in Scope(Build: file:/home/rajan/formfeed/, , Project: ProjectReference(file:/home/rajan/formfeed/,root)),TaskSuccess(BuildValue(LazyValue(ForkConfig(/home/rajan/formfeed,List(-Djna.nosys=true),List(/home/rajan/.ivy2/cache/org.scala-lang/scala-library/jars/scala-library-2.11.7.jar, /home/rajan/.ivy2/cache/com.typesafe.play/twirl-api_2.11/jars/twirl-api_2.11-1.1.1.jar, /home/rajan/.ivy2/cache/org.apache.commons/commons-lang3/jars/commons-lang3-3.4.jar, /home/rajan/.ivy2/cache/org.scala-lang.modules/scala-xml_2.11/bundles/scala-xml_2.11-1.0.1.jar, /home/rajan/.ivy2/cache/com.typesafe.play/play-server_2.11/jars/play-server_2.11-2.5.4.jar, /home/rajan/.ivy2/cache/com.typesafe.play/play_2.11/jars/play_2.11-2.5.4.jar, /home/rajan/.ivy2/cache/com.typesafe.play/build-link/jars/build-link-2.5.4.jar, /home/rajan/.ivy2/cache/com.typesafe.play/play-exceptions/jars/play-exceptions-2.5.4.jar, /home/rajan/.ivy2/cache/com.typesafe.play/play-iteratees_2.11/jars/play-iteratees_2.11-2.5.4.jar, /home/rajan/.ivy2/cache/org.scala-stm/scala-stm_2.11/jars/scala-stm_2.11-0.7.jar, /home/rajan/.ivy2/cache/com.typesafe/config/bundles/config-1.3.0.jar, /home/rajan/.ivy2/cache/ch.qos.logback/logback-classic/jars/logback-classic-1.1.7.jar, /home/rajan/.ivy2/cache/ch.qos.logback/logback-core/jars/logback-core-1.1.7.jar, /home/rajan/.ivy2/cache/com.typesafe.play/play-json_2.11/jars/play-json_2.11-2.5.4.jar, /home/rajan/.ivy2/cache/com.typesafe.play/play-functional_2.11/jars/play-functional_2.11-2.5.4.jar, /home/rajan/.ivy2/cache/com.typesafe.play/play-datacommons_2.11/jars/play-datacommons_2.11-2.5.4.jar, /home/rajan/.ivy2/cache/joda-time/joda-time/jars/joda-time-2.9.2.jar, /home/rajan/.ivy2/cache/org.joda/joda-convert/jars/joda-convert-1.8.1.jar, /home/rajan/.ivy2/cache/org.scala-lang/scala-reflect/jars/scala-reflect-2.11.7.jar, /home/rajan/.ivy2/cache/com.fasterxml.jackson.core/jackson-core/bundles/jackson-core-2.7.1.jar, /home/rajan/.ivy2/cache/com.fasterxml.jackson.core/jackson-annotations/bundles/jackson-annotations-2.7.1.jar, /home/rajan/.ivy2/cache/com.fasterxml.jackson.core/jackson-databind/bundles/jackson-databind-2.7.1.jar, /home/rajan/.ivy2/cache/com.fasterxml.jackson.datatype/jackson-datatype-jdk8/bundles/jackson-datatype-jdk8-2.7.1.jar, /home/rajan/.ivy2/cache/com.fasterxml.jackson.datatype/jackson-datatype-jsr310/bundles/jackson-datatype-jsr310-2.7.1.jar, /home/rajan/.ivy2/cache/com.typesafe.play/play-netty-utils/jars/play-netty-utils-2.5.4.jar, /home/rajan/.ivy2/cache/org.slf4j/jul-to-slf4j/jars/jul-to-slf4j-1.7.19.jar, /home/rajan/.ivy2/cache/org.slf4j/jcl-over-slf4j/jars/jcl-over-slf4j-1.7.19.jar, /home/rajan/.ivy2/cache/com.typesafe.play/play-streams_2.11/jars/play-streams_2.11-2.5.4.jar, /home/rajan/.ivy2/cache/org.reactivestreams/reactive-streams/jars/reactive-streams-1.0.0.jar, /home/rajan/.ivy2/cache/com.typesafe.akka/akka-stream_2.11/jars/akka-stream_2.11-2.4.4.jar, /home/rajan/.ivy2/cache/com.typesafe.akka/akka-actor_2.11/jars/akka-actor_2.11-2.4.4.jar, /home/rajan/.ivy2/cache/org.scala-lang.modules/scala-java8-compat_2.11/bundles/scala-java8-compat_2.11-0.7.0.jar, /home/rajan/.ivy2/cache/com.typesafe/ssl-config-akka_2.11/bundles/ssl-config-akka_2.11-0.2.1.jar, /home/rajan/.ivy2/cache/com.typesafe/ssl-config-core_2.11/bundles/ssl-config-core_2.11-0.2.1.jar, /home/rajan/.ivy2/cache/org.scala-lang.modules/scala-parser-combinators_2.11/bundles/scala-parser-combinators_2.11-1.0.4.jar, /home/rajan/.ivy2/cache/com.typesafe.akka/akka-slf4j_2.11/jars/akka-slf4j_2.11-2.4.4.jar, /home/rajan/.ivy2/cache/commons-codec/commons-codec/jars/commons-codec-1.10.jar, /home/rajan/.ivy2/cache/xerces/xercesImpl/jars/xercesImpl-2.11.0.jar, /home/rajan/.ivy2/cache/xml-apis/xml-apis/jars/xml-apis-1.4.01.jar, /home/rajan/.ivy2/cache/javax.transaction/jta/jars/jta-1.1.jar, /home/rajan/.ivy2/cache/com.google.inject/guice/jars/guice-4.0.jar, /home/rajan/.ivy2/cache/javax.inject/javax.inject/jars/javax.inject-1.jar, /home/rajan/.ivy2/cache/aopalliance/aopalliance/jars/aopalliance-1.0.jar, /home/rajan/.ivy2/cache/com.google.inject.extensions/guice-assistedinject/jars/guice-assistedinject-4.0.jar, /home/rajan/.ivy2/cache/com.typesafe.play/play-netty-server_2.11/jars/play-netty-server_2.11-2.5.4.jar, /home/rajan/.ivy2/cache/com.typesafe.netty/netty-reactive-streams-http/jars/netty-reactive-streams-http-1.0.6.jar, /home/rajan/.ivy2/cache/com.typesafe.netty/netty-reactive-streams/jars/netty-reactive-streams-1.0.6.jar, /home/rajan/.ivy2/cache/io.netty/netty-handler/jars/netty-handler-4.0.36.Final.jar, /home/rajan/.ivy2/cache/io.netty/netty-buffer/jars/netty-buffer-4.0.36.Final.jar, /home/rajan/.ivy2/cache/io.netty/netty-common/jars/netty-common-4.0.36.Final.jar, /home/rajan/.ivy2/cache/io.netty/netty-transport/jars/netty-transport-4.0.36.Final.jar, /home/rajan/.ivy2/cache/io.netty/netty-codec/jars/netty-codec-4.0.36.Final.jar, /home/rajan/.ivy2/cache/io.netty/netty-codec-http/jars/netty-codec-http-4.0.36.Final.jar, /home/rajan/.ivy2/cache/io.netty/netty-transport-native-epoll/jars/netty-transport-native-epoll-4.0.36.Final-linux-x86_64.jar, /home/rajan/.ivy2/cache/com.typesafe.play/play-logback_2.11/jars/play-logback_2.11-2.5.4.jar, /home/rajan/.ivy2/cache/com.typesafe.play/play-jdbc_2.11/jars/play-jdbc_2.11-2.5.4.jar, /home/rajan/.ivy2/cache/com.typesafe.play/play-jdbc-api_2.11/jars/play-jdbc-api_2.11-2.5.4.jar, /home/rajan/.ivy2/cache/com.jolbox/bonecp/bundles/bonecp-0.8.0.RELEASE.jar, /home/rajan/.ivy2/cache/com.zaxxer/HikariCP/bundles/HikariCP-2.4.3.jar, /home/rajan/.ivy2/cache/com.googlecode.usc/jdbcdslog/jars/jdbcdslog-1.0.6.2.jar, /home/rajan/.ivy2/cache/com.h2database/h2/jars/h2-1.4.191.jar, /home/rajan/.ivy2/cache/tyrex/tyrex/jars/tyrex-1.0.1.jar, /home/rajan/.ivy2/cache/com.typesafe.play/play-cache_2.11/jars/play-cache_2.11-2.5.4.jar, /home/rajan/.ivy2/cache/net.sf.ehcache/ehcache-core/jars/ehcache-core-2.6.11.jar, /home/rajan/.ivy2/cache/com.typesafe.play/play-ws_2.11/jars/play-ws_2.11-2.5.4.jar, /home/rajan/.ivy2/cache/com.google.guava/guava/bundles/guava-19.0.jar, /home/rajan/.ivy2/cache/org.asynchttpclient/async-http-client/jars/async-http-client-2.0.2.jar, /home/rajan/.ivy2/cache/org.asynchttpclient/netty-resolver-dns/jars/netty-resolver-dns-2.0.2.jar, /home/rajan/.ivy2/cache/org.asynchttpclient/netty-resolver/jars/netty-resolver-2.0.2.jar, /home/rajan/.ivy2/cache/org.slf4j/slf4j-api/jars/slf4j-api-1.7.21.jar, /home/rajan/.ivy2/cache/org.asynchttpclient/netty-codec-dns/jars/netty-codec-dns-2.0.2.jar, /home/rajan/.ivy2/cache/org.javassist/javassist/bundles/javassist-3.20.0-GA.jar, /home/rajan/.ivy2/cache/oauth.signpost/signpost-core/jars/signpost-core-1.2.1.2.jar, /home/rajan/.ivy2/cache/oauth.signpost/signpost-commonshttp4/jars/signpost-commonshttp4-1.2.1.2.jar, /home/rajan/.ivy2/cache/org.apache.httpcomponents/httpcore/jars/httpcore-4.0.1.jar, /home/rajan/.ivy2/cache/org.apache.httpcomponents/httpclient/jars/httpclient-4.0.1.jar, /home/rajan/.ivy2/cache/commons-logging/commons-logging/jars/commons-logging-1.1.1.jar),List((public/,/home/rajan/formfeed/target/web/public/main)),List(/home/rajan/.ivy2/cache/com.typesafe.play/play-omnidoc_2.11/jars/play-omnidoc_2.11-2.5.4.jar, /home/rajan/.ivy2/cache/org.scala-lang/scala-library/jars/scala-library-2.11.7.jar, /home/rajan/.ivy2/cache/com.typesafe.play/play-docs_2.11/jars/play-docs_2.11-2.5.4.jar, /home/rajan/.ivy2/cache/com.typesafe.play/play-netty-server_2.11/jars/play-netty-server_2.11-2.5.4.jar, /home/rajan/.ivy2/cache/com.typesafe.play/play-server_2.11/jars/play-server_2.11-2.5.4.jar, /home/rajan/.ivy2/cache/com.typesafe.play/play_2.11/jars/play_2.11-2.5.4.jar, /home/rajan/.ivy2/cache/com.typesafe.play/build-link/jars/build-link-2.5.4.jar, /home/rajan/.ivy2/cache/com.typesafe.play/play-exceptions/jars/play-exceptions-2.5.4.jar, /home/rajan/.ivy2/cache/com.typesafe.play/play-iteratees_2.11/jars/play-iteratees_2.11-2.5.4.jar, /home/rajan/.ivy2/cache/org.scala-stm/scala-stm_2.11/jars/scala-stm_2.11-0.7.jar, /home/rajan/.ivy2/cache/com.typesafe/config/bundles/config-1.3.0.jar, /home/rajan/.ivy2/cache/ch.qos.logback/logback-classic/jars/logback-classic-1.1.7.jar, /home/rajan/.ivy2/cache/ch.qos.logback/logback-core/jars/logback-core-1.1.7.jar, /home/rajan/.ivy2/cache/org.slf4j/slf4j-api/jars/slf4j-api-1.7.19.jar, /home/rajan/.ivy2/cache/com.typesafe.play/play-json_2.11/jars/play-json_2.11-2.5.4.jar, /home/rajan/.ivy2/cache/com.typesafe.play/play-functional_2.11/jars/play-functional_2.11-2.5.4.jar, /home/rajan/.ivy2/cache/com.typesafe.play/play-datacommons_2.11/jars/play-datacommons_2.11-2.5.4.jar, /home/rajan/.ivy2/cache/joda-time/joda-time/jars/joda-time-2.9.2.jar, /home/rajan/.ivy2/cache/org.joda/joda-convert/jars/joda-convert-1.8.1.jar, /home/rajan/.ivy2/cache/org.scala-lang/scala-reflect/jars/scala-reflect-2.11.7.jar, /home/rajan/.ivy2/cache/com.fasterxml.jackson.core/jackson-core/bundles/jackson-core-2.7.1.jar, /home/rajan/.ivy2/cache/com.fasterxml.jackson.core/jackson-annotations/bundles/jackson-annotations-2.7.1.jar, /home/rajan/.ivy2/cache/com.fasterxml.jackson.core/jackson-databind/bundles/jackson-databind-2.7.1.jar, /home/rajan/.ivy2/cache/com.fasterxml.jackson.datatype/jackson-datatype-jdk8/bundles/jackson-datatype-jdk8-2.7.1.jar, /home/rajan/.ivy2/cache/com.fasterxml.jackson.datatype/jackson-datatype-jsr310/bundles/jackson-datatype-jsr310-2.7.1.jar, /home/rajan/.ivy2/cache/com.typesafe.play/play-netty-utils/jars/play-netty-utils-2.5.4.jar, /home/rajan/.ivy2/cache/org.slf4j/jul-to-slf4j/jars/jul-to-slf4j-1.7.19.jar, /home/rajan/.ivy2/cache/org.slf4j/jcl-over-slf4j/jars/jcl-over-slf4j-1.7.19.jar, /home/rajan/.ivy2/cache/com.typesafe.play/play-streams_2.11/jars/play-streams_2.11-2.5.4.jar, /home/rajan/.ivy2/cache/org.reactivestreams/reactive-streams/jars/reactive-streams-1.0.0.jar, /home/rajan/.ivy2/cache/com.typesafe.akka/akka-stream_2.11/jars/akka-stream_2.11-2.4.4.jar, /home/rajan/.ivy2/cache/com.typesafe.akka/akka-actor_2.11/jars/akka-actor_2.11-2.4.4.jar, /home/rajan/.ivy2/cache/org.scala-lang.modules/scala-java8-compat_2.11/bundles/scala-java8-compat_2.11-0.7.0.jar, /home/rajan/.ivy2/cache/com.typesafe/ssl-config-akka_2.11/bundles/ssl-config-akka_2.11-0.2.1.jar, /home/rajan/.ivy2/cache/com.typesafe/ssl-config-core_2.11/bundles/ssl-config-core_2.11-0.2.1.jar, /home/rajan/.ivy2/cache/org.scala-lang.modules/scala-parser-combinators_2.11/bundles/scala-parser-combinators_2.11-1.0.4.jar, /home/rajan/.ivy2/cache/com.typesafe.play/twirl-api_2.11/jars/twirl-api_2.11-1.1.1.jar, /home/rajan/.ivy2/cache/org.apache.commons/commons-lang3/jars/commons-lang3-3.4.jar, /home/rajan/.ivy2/cache/org.scala-lang.modules/scala-xml_2.11/bundles/scala-xml_2.11-1.0.1.jar, /home/rajan/.ivy2/cache/com.typesafe.akka/akka-slf4j_2.11/jars/akka-slf4j_2.11-2.4.4.jar, /home/rajan/.ivy2/cache/commons-codec/commons-codec/jars/commons-codec-1.10.jar, /home/rajan/.ivy2/cache/xerces/xercesImpl/jars/xercesImpl-2.11.0.jar, /home/rajan/.ivy2/cache/xml-apis/xml-apis/jars/xml-apis-1.4.01.jar, /home/rajan/.ivy2/cache/javax.transaction/jta/jars/jta-1.1.jar, /home/rajan/.ivy2/cache/com.google.inject/guice/jars/guice-4.0.jar, /home/rajan/.ivy2/cache/javax.inject/javax.inject/jars/javax.inject-1.jar, /home/rajan/.ivy2/cache/aopalliance/aopalliance/jars/aopalliance-1.0.jar, /home/rajan/.ivy2/cache/com.google.guava/guava/bundles/guava-16.0.1.jar, /home/rajan/.ivy2/cache/com.google.inject.extensions/guice-assistedinject/jars/guice-assistedinject-4.0.jar, /home/rajan/.ivy2/cache/com.typesafe.netty/netty-reactive-streams-http/jars/netty-reactive-streams-http-1.0.6.jar, /home/rajan/.ivy2/cache/com.typesafe.netty/netty-reactive-streams/jars/netty-reactive-streams-1.0.6.jar, /home/rajan/.ivy2/cache/io.netty/netty-handler/jars/netty-handler-4.0.36.Final.jar, /home/rajan/.ivy2/cache/io.netty/netty-buffer/jars/netty-buffer-4.0.36.Final.jar, /home/rajan/.ivy2/cache/io.netty/netty-common/jars/netty-common-4.0.36.Final.jar, /home/rajan/.ivy2/cache/io.netty/netty-transport/jars/netty-transport-4.0.36.Final.jar, /home/rajan/.ivy2/cache/io.netty/netty-codec/jars/netty-codec-4.0.36.Final.jar, /home/rajan/.ivy2/cache/io.netty/netty-codec-http/jars/netty-codec-http-4.0.36.Final.jar, /home/rajan/.ivy2/cache/io.netty/netty-transport-native-epoll/jars/netty-transport-native-epoll-4.0.36.Final-linux-x86_64.jar, /home/rajan/.ivy2/cache/com.typesafe.play/play-doc_2.11/jars/play-doc_2.11-1.2.2.jar, /home/rajan/.ivy2/cache/org.pegdown/pegdown/jars/pegdown-1.4.0.jar, /home/rajan/.ivy2/cache/org.parboiled/parboiled-java/bundles/parboiled-java-1.1.5.jar, /home/rajan/.ivy2/cache/org.parboiled/parboiled-core/bundles/parboiled-core-1.1.5.jar, /home/rajan/.ivy2/cache/org.ow2.asm/asm/jars/asm-4.1.jar, /home/rajan/.ivy2/cache/org.ow2.asm/asm-tree/jars/asm-tree-4.1.jar, /home/rajan/.ivy2/cache/org.ow2.asm/asm-analysis/jars/asm-analysis-4.1.jar, /home/rajan/.ivy2/cache/org.ow2.asm/asm-util/jars/asm-util-4.1.jar, /home/rajan/.ivy2/cache/commons-io/commons-io/jars/commons-io-2.4.jar),Some(/home/rajan/.ivy2/cache/com.typesafe.play/play-omnidoc_2.11/jars/play-omnidoc_2.11-2.5.4.jar),List(),9000,0.0.0.0,DefaultWatchService,List(/home/rajan/formfeed/public, /home/rajan/formfeed/conf, /home/rajan/formfeed/app-2.11, /home/rajan/formfeed/app),/home/rajan/formfeed/target,500,root/playForkNotifyStart,root/playForkReload,300000,play.core.server.DevServerStart),scala.pickling.PicklerUnpickler$DelegatingPicklerUnpickler@2c094512),ForkConfig(/home/rajan/formfeed,List(-Djna.nosys=true),List(/home/rajan/.ivy2/cache/org.scala-lang/scala-library/jars/scala-library-2.11.7.jar, /home/rajan/.ivy2/cache/com.typesafe.play/twirl-api_2.11/jars/twirl-api_2.11-1.1.1.jar, /home/rajan/.ivy2/cache/org.apache.commons/commons-lang3/jars/commons-lang3-3.4.jar, /home/rajan/.ivy2/cache/org.scala-lang.modules/scala-xml_2.11/bundles/scala-xml_2.11-1.0.1.jar, /home/rajan/.ivy2/cache/com.typesafe.play/play-server_2.11/jars/play-server_2.11-2.5.4.jar, /home/rajan/.ivy2/cache/com.typesafe.play/play_2.11/jars/play_2.11-2.5.4.jar, /home/rajan/.ivy2/cache/com.typesafe.play/build-link/jars/build-link-2.5.4.jar, /home/rajan/.ivy2/cache/com.typesafe.play/play-exceptions/jars/play-exceptions-2.5.4.jar, /home/rajan/.ivy2/cache/com.typesafe.play/play-iteratees_2.11/jars/play-iteratees_2.11-2.5.4.jar, /home/rajan/.ivy2/cache/org.scala-stm/scala-stm_2.11/jars/scala-stm_2.11-0.7.jar, /home/rajan/.ivy2/cache/com.typesafe/config/bundles/config-1.3.0.jar, /home/rajan/.ivy2/cache/ch.qos.logback/logback-classic/jars/logback-classic-1.1.7.jar, /home/rajan/.ivy2/cache/ch.qos.logback/logback-core/jars/logback-core-1.1.7.jar, /home/rajan/.ivy2/cache/com.typesafe.play/play-json_2.11/jars/play-json_2.11-2.5.4.jar, /home/rajan/.ivy2/cache/com.typesafe.play/play-functional_2.11/jars/play-functional_2.11-2.5.4.jar, /home/rajan/.ivy2/cache/com.typesafe.play/play-datacommons_2.11/jars/play-datacommons_2.11-2.5.4.jar, /home/rajan/.ivy2/cache/joda-time/joda-time/jars/joda-time-2.9.2.jar, /home/rajan/.ivy2/cache/org.joda/joda-convert/jars/joda-convert-1.8.1.jar, /home/rajan/.ivy2/cache/org.scala-lang/scala-reflect/jars/scala-reflect-2.11.7.jar, /home/rajan/.ivy2/cache/com.fasterxml.jackson.core/jackson-core/bundles/jackson-core-2.7.1.jar, /home/rajan/.ivy2/cache/com.fasterxml.jackson.core/jackson-annotations/bundles/jackson-annotations-2.7.1.jar, /home/rajan/.ivy2/cache/com.fasterxml.jackson.core/jackson-databind/bundles/jackson-databind-2.7.1.jar, /home/rajan/.ivy2/cache/com.fasterxml.jackson.datatype/jackson-datatype-jdk8/bundles/jackson-datatype-jdk8-2.7.1.jar, /home/rajan/.ivy2/cache/com.fasterxml.jackson.datatype/jackson-datatype-jsr310/bundles/jackson-datatype-jsr310-2.7.1.jar, /home/rajan/.ivy2/cache/com.typesafe.play/play-netty-utils/jars/play-netty-utils-2.5.4.jar, /home/rajan/.ivy2/cache/org.slf4j/jul-to-slf4j/jars/jul-to-slf4j-1.7.19.jar, /home/rajan/.ivy2/cache/org.slf4j/jcl-over-slf4j/jars/jcl-over-slf4j-1.7.19.jar, /home/rajan/.ivy2/cache/com.typesafe.play/play-streams_2.11/jars/play-streams_2.11-2.5.4.jar, /home/rajan/.ivy2/cache/org.reactivestreams/reactive-streams/jars/reactive-streams-1.0.0.jar, /home/rajan/.ivy2/cache/com.typesafe.akka/akka-stream_2.11/jars/akka-stream_2.11-2.4.4.jar, /home/rajan/.ivy2/cache/com.typesafe.akka/akka-actor_2.11/jars/akka-actor_2.11-2.4.4.jar, /home/rajan/.ivy2/cache/org.scala-lang.modules/scala-java8-compat_2.11/bundles/scala-java8-compat_2.11-0.7.0.jar, /home/rajan/.ivy2/cache/com.typesafe/ssl-config-akka_2.11/bundles/ssl-config-akka_2.11-0.2.1.jar, /home/rajan/.ivy2/cache/com.typesafe/ssl-config-core_2.11/bundles/ssl-config-core_2.11-0.2.1.jar, /home/rajan/.ivy2/cache/org.scala-lang.modules/scala-parser-combinators_2.11/bundles/scala-parser-combinators_2.11-1.0.4.jar, /home/rajan/.ivy2/cache/com.typesafe.akka/akka-slf4j_2.11/jars/akka-slf4j_2.11-2.4.4.jar, /home/rajan/.ivy2/cache/commons-codec/commons-codec/jars/commons-codec-1.10.jar, /home/rajan/.ivy2/cache/xerces/xercesImpl/jars/xercesImpl-2.11.0.jar, /home/rajan/.ivy2/cache/xml-apis/xml-apis/jars/xml-apis-1.4.01.jar, /home/rajan/.ivy2/cache/javax.transaction/jta/jars/jta-1.1.jar, /home/rajan/.ivy2/cache/com.google.inject/guice/jars/guice-4.0.jar, /home/rajan/.ivy2/cache/javax.inject/javax.inject/jars/javax.inject-1.jar, /home/rajan/.ivy2/cache/aopalliance/aopalliance/jars/aopalliance-1.0.jar, /home/rajan/.ivy2/cache/com.google.inject.extensions/guice-assistedinject/jars/guice-assistedinject-4.0.jar, /home/rajan/.ivy2/cache/com.typesafe.play/play-netty-server_2.11/jars/play-netty-server_2.11-2.5.4.jar, /home/rajan/.ivy2/cache/com.typesafe.netty/netty-reactive-streams-http/jars/netty-reactive-streams-http-1.0.6.jar, /home/rajan/.ivy2/cache/com.typesafe.netty/netty-reactive-streams/jars/netty-reactive-streams-1.0.6.jar, /home/rajan/.ivy2/cache/io.netty/netty-handler/jars/netty-handler-4.0.36.Final.jar, /home/rajan/.ivy2/cache/io.netty/netty-buffer/jars/netty-buffer-4.0.36.Final.jar, /home/rajan/.ivy2/cache/io.netty/netty-common/jars/netty-common-4.0.36.Final.jar, /home/rajan/.ivy2/cache/io.netty/netty-transport/jars/netty-transport-4.0.36.Final.jar, /home/rajan/.ivy2/cache/io.netty/netty-codec/jars/netty-codec-4.0.36.Final.jar, /home/rajan/.ivy2/cache/io.netty/netty-codec-http/jars/netty-codec-http-4.0.36.Final.jar, /home/rajan/.ivy2/cache/io.netty/netty-transport-native-epoll/jars/netty-transport-native-epoll-4.0.36.Final-linux-x86_64.jar, /home/rajan/.ivy2/cache/com.typesafe.play/play-logback_2.11/jars/play-logback_2.11-2.5.4.jar, /home/rajan/.ivy2/cache/com.typesafe.play/play-jdbc_2.11/jars/play-jdbc_2.11-2.5.4.jar, /home/rajan/.ivy2/cache/com.typesafe.play/play-jdbc-api_2.11/jars/play-jdbc-api_2.11-2.5.4.jar, /home/rajan/.ivy2/cache/com.jolbox/bonecp/bundles/bonecp-0.8.0.RELEASE.jar, /home/rajan/.ivy2/cache/com.zaxxer/HikariCP/bundles/HikariCP-2.4.3.jar, /home/rajan/.ivy2/cache/com.googlecode.usc/jdbcdslog/jars/jdbcdslog-1.0.6.2.jar, /home/rajan/.ivy2/cache/com.h2database/h2/jars/h2-1.4.191.jar, /home/rajan/.ivy2/cache/tyrex/tyrex/jars/tyrex-1.0.1.jar, /home/rajan/.ivy2/cache/com.typesafe.play/play-cache_2.11/jars/play-cache_2.11-2.5.4.jar, /home/rajan/.ivy2/cache/net.sf.ehcache/ehcache-core/jars/ehcache-core-2.6.11.jar, /home/rajan/.ivy2/cache/com.typesafe.play/play-ws_2.11/jars/play-ws_2.11-2.5.4.jar, /home/rajan/.ivy2/cache/com.google.guava/guava/bundles/guava-19.0.jar, /home/rajan/.ivy2/cache/org.asynchttpclient/async-http-client/jars/async-http-client-2.0.2.jar, /home/rajan/.ivy2/cache/org.asynchttpclient/netty-resolver-dns/jars/netty-resolver-dns-2.0.2.jar, /home/rajan/.ivy2/cache/org.asynchttpclient/netty-resolver/jars/netty-resolver-2.0.2.jar, /home/rajan/.ivy2/cache/org.slf4j/slf4j-api/jars/slf4j-api-1.7.21.jar, /home/rajan/.ivy2/cache/org.asynchttpclient/netty-codec-dns/jars/netty-codec-dns-2.0.2.jar, /home/rajan/.ivy2/cache/org.javassist/javassist/bundles/javassist-3.20.0-GA.jar, /home/rajan/.ivy2/cache/oauth.signpost/signpost-core/jars/signpost-core-1.2.1.2.jar, /home/rajan/.ivy2/cache/oauth.signpost/signpost-commonshttp4/jars/signpost-commonshttp4-1.2.1.2.jar, /home/rajan/.ivy2/cache/org.apache.httpcomponents/httpcore/jars/httpcore-4.0.1.jar, /home/rajan/.ivy2/cache/org.apache.httpcomponents/httpclient/jars/httpclient-4.0.1.jar, /home/rajan/.ivy2/cache/commons-logging/commons-logging/jars/commons-logging-1.1.1.jar),List((public/,/home/rajan/formfeed/target/web/public/main)),List(/home/rajan/.ivy2/cache/com.typesafe.play/play-omnidoc_2.11/jars/play-omnidoc_2.11-2.5.4.jar, /home/rajan/.ivy2/cache/org.scala-lang/scala-library/jars/scala-library-2.11.7.jar, /home/rajan/.ivy2/cache/com.typesafe.play/play-docs_2.11/jars/play-docs_2.11-2.5.4.jar, /home/rajan/.ivy2/cache/com.typesafe.play/play-netty-server_2.11/jars/play-netty-server_2.11-2.5.4.jar, /home/rajan/.ivy2/cache/com.typesafe.play/play-server_2.11/jars/play-server_2.11-2.5.4.jar, /home/rajan/.ivy2/cache/com.typesafe.play/play_2.11/jars/play_2.11-2.5.4.jar, /home/rajan/.ivy2/cache/com.typesafe.play/build-link/jars/build-link-2.5.4.jar, /home/rajan/.ivy2/cache/com.typesafe.play/play-exceptions/jars/play-exceptions-2.5.4.jar, /home/rajan/.ivy2/cache/com.typesafe.play/play-iteratees_2.11/jars/play-iteratees_2.11-2.5.4.jar, /home/rajan/.ivy2/cache/org.scala-stm/scala-stm_2.11/jars/scala-stm_2.11-0.7.jar, /home/rajan/.ivy2/cache/com.typesafe/config/bundles/config-1.3.0.jar, /home/rajan/.ivy2/cache/ch.qos.logback/logback-classic/jars/logback-classic-1.1.7.jar, /home/rajan/.ivy2/cache/ch.qos.logback/logback-core/jars/logback-core-1.1.7.jar, /home/rajan/.ivy2/cache/org.slf4j/slf4j-api/jars/slf4j-api-1.7.19.jar, /home/rajan/.ivy2/cache/com.typesafe.play/play-json_2.11/jars/play-json_2.11-2.5.4.jar, /home/rajan/.ivy2/cache/com.typesafe.play/play-functional_2.11/jars/play-functional_2.11-2.5.4.jar, /home/rajan/.ivy2/cache/com.typesafe.play/play-datacommons_2.11/jars/play-datacommons_2.11-2.5.4.jar, /home/rajan/.ivy2/cache/joda-time/joda-time/jars/joda-time-2.9.2.jar, /home/rajan/.ivy2/cache/org.joda/joda-convert/jars/joda-convert-1.8.1.jar, /home/rajan/.ivy2/cache/org.scala-lang/scala-reflect/jars/scala-reflect-2.11.7.jar, /home/rajan/.ivy2/cache/com.fasterxml.jackson.core/jackson-core/bundles/jackson-core-2.7.1.jar, /home/rajan/.ivy2/cache/com.fasterxml.jackson.core/jackson-annotations/bundles/jackson-annotations-2.7.1.jar, /home/rajan/.ivy2/cache/com.fasterxml.jackson.core/jackson-databind/bundles/jackson-databind-2.7.1.jar, /home/rajan/.ivy2/cache/com.fasterxml.jackson.datatype/jackson-datatype-jdk8/bundles/jackson-datatype-jdk8-2.7.1.jar, /home/rajan/.ivy2/cache/com.fasterxml.jackson.datatype/jackson-datatype-jsr310/bundles/jackson-datatype-jsr310-2.7.1.jar, /home/rajan/.ivy2/cache/com.typesafe.play/play-netty-utils/jars/play-netty-utils-2.5.4.jar, /home/rajan/.ivy2/cache/org.slf4j/jul-to-slf4j/jars/jul-to-slf4j-1.7.19.jar, /home/rajan/.ivy2/cache/org.slf4j/jcl-over-slf4j/jars/jcl-over-slf4j-1.7.19.jar, /home/rajan/.ivy2/cache/com.typesafe.play/play-streams_2.11/jars/play-streams_2.11-2.5.4.jar, /home/rajan/.ivy2/cache/org.reactivestreams/reactive-streams/jars/reactive-streams-1.0.0.jar, /home/rajan/.ivy2/cache/com.typesafe.akka/akka-stream_2.11/jars/akka-stream_2.11-2.4.4.jar, /home/rajan/.ivy2/cache/com.typesafe.akka/akka-actor_2.11/jars/akka-actor_2.11-2.4.4.jar, /home/rajan/.ivy2/cache/org.scala-lang.modules/scala-java8-compat_2.11/bundles/scala-java8-compat_2.11-0.7.0.jar, /home/rajan/.ivy2/cache/com.typesafe/ssl-config-akka_2.11/bundles/ssl-config-akka_2.11-0.2.1.jar, /home/rajan/.ivy2/cache/com.typesafe/ssl-config-core_2.11/bundles/ssl-config-core_2.11-0.2.1.jar, /home/rajan/.ivy2/cache/org.scala-lang.modules/scala-parser-combinators_2.11/bundles/scala-parser-combinators_2.11-1.0.4.jar, /home/rajan/.ivy2/cache/com.typesafe.play/twirl-api_2.11/jars/twirl-api_2.11-1.1.1.jar, /home/rajan/.ivy2/cache/org.apache.commons/commons-lang3/jars/commons-lang3-3.4.jar, /home/rajan/.ivy2/cache/org.scala-lang.modules/scala-xml_2.11/bundles/scala-xml_2.11-1.0.1.jar, /home/rajan/.ivy2/cache/com.typesafe.akka/akka-slf4j_2.11/jars/akka-slf4j_2.11-2.4.4.jar, /home/rajan/.ivy2/cache/commons-codec/commons-codec/jars/commons-codec-1.10.jar, /home/rajan/.ivy2/cache/xerces/xercesImpl/jars/xercesImpl-2.11.0.jar, /home/rajan/.ivy2/cache/xml-apis/xml-apis/jars/xml-apis-1.4.01.jar, /home/rajan/.ivy2/cache/javax.transaction/jta/jars/jta-1.1.jar, /home/rajan/.ivy2/cache/com.google.inject/guice/jars/guice-4.0.jar, /home/rajan/.ivy2/cache/javax.inject/javax.inject/jars/javax.inject-1.jar, /home/rajan/.ivy2/cache/aopalliance/aopalliance/jars/aopalliance-1.0.jar, /home/rajan/.ivy2/cache/com.google.guava/guava/bundles/guava-16.0.1.jar, /home/rajan/.ivy2/cache/com.google.inject.extensions/guice-assistedinject/jars/guice-assistedinject-4.0.jar, /home/rajan/.ivy2/cache/com.typesafe.netty/netty-reactive-streams-http/jars/netty-reactive-streams-http-1.0.6.jar, /home/rajan/.ivy2/cache/com.typesafe.netty/netty-reactive-streams/jars/netty-reactive-streams-1.0.6.jar, /home/rajan/.ivy2/cache/io.netty/netty-handler/jars/netty-handler-4.0.36.Final.jar, /home/rajan/.ivy2/cache/io.netty/netty-buffer/jars/netty-buffer-4.0.36.Final.jar, /home/rajan/.ivy2/cache/io.netty/netty-common/jars/netty-common-4.0.36.Final.jar, /home/rajan/.ivy2/cache/io.netty/netty-transport/jars/netty-transport-4.0.36.Final.jar, /home/rajan/.ivy2/cache/io.netty/netty-codec/jars/netty-codec-4.0.36.Final.jar, /home/rajan/.ivy2/cache/io.netty/netty-codec-http/jars/netty-codec-http-4.0.36.Final.jar, /home/rajan/.ivy2/cache/io.netty/netty-transport-native-epoll/jars/netty-transport-native-epoll-4.0.36.Final-linux-x86_64.jar, /home/rajan/.ivy2/cache/com.typesafe.play/play-doc_2.11/jars/play-doc_2.11-1.2.2.jar, /home/rajan/.ivy2/cache/org.pegdown/pegdown/jars/pegdown-1.4.0.jar, /home/rajan/.ivy2/cache/org.parboiled/parboiled-java/bundles/parboiled-java-1.1.5.jar, /home/rajan/.ivy2/cache/org.parboiled/parboiled-core/bundles/parboiled-core-1.1.5.jar, /home/rajan/.ivy2/cache/org.ow2.asm/asm/jars/asm-4.1.jar, /home/rajan/.ivy2/cache/org.ow2.asm/asm-tree/jars/asm-tree-4.1.jar, /home/rajan/.ivy2/cache/org.ow2.asm/asm-analysis/jars/asm-analysis-4.1.jar, /home/rajan/.ivy2/cache/org.ow2.asm/asm-util/jars/asm-util-4.1.jar, /home/rajan/.ivy2/cache/commons-io/commons-io/jars/commons-io-2.4.jar),Some(/home/rajan/.ivy2/cache/com.typesafe.play/play-omnidoc_2.11/jars/play-omnidoc_2.11-2.5.4.jar),List(),9000,0.0.0.0,DefaultWatchService,List(/home/rajan/formfeed/public, /home/rajan/formfeed/conf, /home/rajan/formfeed/app-2.11, /home/rajan/formfeed/app),/home/rajan/formfeed/target,500,root/playForkNotifyStart,root/playForkReload,300000,play.core.server.DevServerStart))))
Sending msg to client play-fork-run-4f4786dc-3549-4f9c-9b47-381e61aa936f: TaskStarted(6,303,None)
Sending msg to client play-fork-run-4f4786dc-3549-4f9c-9b47-381e61aa936f: TaskFinished(6,303,None,true,None)
Sending msg to client play-fork-run-4f4786dc-3549-4f9c-9b47-381e61aa936f: TaskStarted(6,302,None)
Sending msg to client play-fork-run-4f4786dc-3549-4f9c-9b47-381e61aa936f: TaskFinished(6,302,None,true,None)
Sending msg to client play-fork-run-4f4786dc-3549-4f9c-9b47-381e61aa936f: DetachedLogEvent(LogMessage(debug,cancel strategy finish enabled=false lastCommand=Some(LastCommand(CommandExecutionWork(ExecutionId(6),{file:/home/rajan/formfeed/}root/*:playForkConfig,Set(LiveClient(play-fork-run 4f4786dc-3549-4f9c-9b47-381e61aa936f)),sbt.server.WorkCancellationStatus$$anon$1@5869912b)))))
Sending msg to client play-fork-run-4f4786dc-3549-4f9c-9b47-381e61aa936f: DetachedLogEvent(LogSuccess(Total time: 2 s, completed Jun 26, 2016 8:25:08 AM))
Sending msg to client play-fork-run-4f4786dc-3549-4f9c-9b47-381e61aa936f: DetachedLogEvent(LogMessage(debug,> server-post-command-cleanup))
Sending msg to client play-fork-run-4f4786dc-3549-4f9c-9b47-381e61aa936f: ExecutionSuccess(6)
Sending msg to client play-fork-run-4f4786dc-3549-4f9c-9b47-381e61aa936f: DetachedLogEvent(LogMessage(debug,> server-handle-next-server-request))
Sending msg to client play-fork-run-4f4786dc-3549-4f9c-9b47-381e61aa936f: BackgroundJobLogEvent(1,LogMessage(info,))
Sending msg to client play-fork-run-4f4786dc-3549-4f9c-9b47-381e61aa936f: BackgroundJobLogEvent(1,LogMessage(info,[35m--- (Running the application, auto-reloading is enabled) ---[0m))
Sending msg to client play-fork-run-4f4786dc-3549-4f9c-9b47-381e61aa936f: BackgroundJobLogEvent(1,LogMessage(info,))
Sending msg to client play-fork-run-4f4786dc-3549-4f9c-9b47-381e61aa936f: BackgroundJobLogEvent(1,LogMessage(info,p.c.s.NettyServer - Listening for HTTP on /0:0:0:0:0:0:0:0:9000))
Sending msg to client play-fork-run-4f4786dc-3549-4f9c-9b47-381e61aa936f: BackgroundJobLogEvent(1,LogMessage(info,))
Sending msg to client play-fork-run-4f4786dc-3549-4f9c-9b47-381e61aa936f: BackgroundJobLogEvent(1,LogMessage(info,[32m(Server started, use Ctrl+D to stop and go back to the console...)[0m))
Sending msg to client play-fork-run-4f4786dc-3549-4f9c-9b47-381e61aa936f: BackgroundJobLogEvent(1,LogMessage(info,))
Got request: ExecutionRequest(root/playForkNotifyStart http://localhost:9000)
Reading next message from client.
Sending msg to client play-fork-run-4f4786dc-3549-4f9c-9b47-381e61aa936f: (8,ExecutionRequestReceived(7))
Sending msg to client play-fork-run-4f4786dc-3549-4f9c-9b47-381e61aa936f: ExecutionWaiting(7,root/playForkNotifyStart http://localhost:9000,ClientInfo(4f4786dc-3549-4f9c-9b47-381e61aa936f,play-fork-run,Play Fork Run,1,Vector()))
Sending msg to client play-fork-run-4f4786dc-3549-4f9c-9b47-381e61aa936f: ExecutionStarting(7)
Sending msg to client play-fork-run-4f4786dc-3549-4f9c-9b47-381e61aa936f: DetachedLogEvent(LogMessage(debug,> root/playForkNotifyStart http://localhost:9000))
Sending msg to client play-fork-run-4f4786dc-3549-4f9c-9b47-381e61aa936f: DetachedLogEvent(LogMessage(debug,Evaluating tasks: *:playForkNotifyStart))
Sending msg to client play-fork-run-4f4786dc-3549-4f9c-9b47-381e61aa936f: DetachedLogEvent(LogMessage(debug,Running task... Cancel: sbt.server.ServerTaskCancellation@749f4f88, check cycles: false))
Sending msg to client play-fork-run-4f4786dc-3549-4f9c-9b47-381e61aa936f: DetachedLogEvent(LogMessage(debug,cancel strategy start enabled=true lastCommand=Some(LastCommand(CommandExecutionWork(ExecutionId(7),root/playForkNotifyStart http://localhost:9000,Set(LiveClient(play-fork-run 4f4786dc-3549-4f9c-9b47-381e61aa936f)),sbt.server.WorkCancellationStatus$$anon$1@204e8732)))))
Sending msg to client play-fork-run-4f4786dc-3549-4f9c-9b47-381e61aa936f: TaskStarted(7,382,Some(AttributeKey[sbt.SendEventService]("sendEventService") in Scope(Global)))
Sending msg to client play-fork-run-4f4786dc-3549-4f9c-9b47-381e61aa936f: TaskFinished(7,382,Some(AttributeKey[sbt.SendEventService]("sendEventService") in Scope(Global)),true,None)
Sending msg to client play-fork-run-4f4786dc-3549-4f9c-9b47-381e61aa936f: TaskStarted(7,381,Some(AttributeKey[scala.Function1[java.lang.String,void]]("playForkStarted") in Scope(Build: file:/home/rajan/formfeed/, , Project: ProjectReference(file:/home/rajan/formfeed/,root))))
Sending msg to client play-fork-run-4f4786dc-3549-4f9c-9b47-381e61aa936f: TaskFinished(7,381,Some(AttributeKey[scala.Function1[java.lang.String,void]]("playForkStarted") in Scope(Build: file:/home/rajan/formfeed/, , Project: ProjectReference(file:/home/rajan/formfeed/,root))),true,None)
Sending msg to client play-fork-run-4f4786dc-3549-4f9c-9b47-381e61aa936f: TaskStarted(7,380,Some(AttributeKey[void]("playForkNotifyStart") in Scope(Build: file:/home/rajan/formfeed/, , Project: ProjectReference(file:/home/rajan/formfeed/,root))))
Sending msg to client play-fork-run-4f4786dc-3549-4f9c-9b47-381e61aa936f: TaskEvent(380,LazyValue(PlayServerStarted(http://localhost:9000),play.forkrun.protocol.Serializers$PlayForkrunProtocolPlayServerStartedPickler1$2$@4cda76e6))
Sending msg to client play-fork-run-4f4786dc-3549-4f9c-9b47-381e61aa936f: TaskFinished(7,380,Some(AttributeKey[void]("playForkNotifyStart") in Scope(Build: file:/home/rajan/formfeed/, , Project: ProjectReference(file:/home/rajan/formfeed/,root))),true,None)
Sending msg to client play-fork-run-4f4786dc-3549-4f9c-9b47-381e61aa936f: TaskStarted(7,379,None)
Sending msg to client play-fork-run-4f4786dc-3549-4f9c-9b47-381e61aa936f: TaskFinished(7,379,None,true,None)
Sending msg to client play-fork-run-4f4786dc-3549-4f9c-9b47-381e61aa936f: TaskStarted(7,378,None)
Sending msg to client play-fork-run-4f4786dc-3549-4f9c-9b47-381e61aa936f: TaskFinished(7,378,None,true,None)
Sending msg to client play-fork-run-4f4786dc-3549-4f9c-9b47-381e61aa936f: DetachedLogEvent(LogMessage(debug,cancel strategy finish enabled=false lastCommand=Some(LastCommand(CommandExecutionWork(ExecutionId(7),root/playForkNotifyStart http://localhost:9000,Set(LiveClient(play-fork-run 4f4786dc-3549-4f9c-9b47-381e61aa936f)),sbt.server.WorkCancellationStatus$$anon$1@204e8732)))))
Sending msg to client play-fork-run-4f4786dc-3549-4f9c-9b47-381e61aa936f: DetachedLogEvent(LogSuccess(Total time: 0 s, completed Jun 26, 2016 8:25:21 AM))
Sending msg to client play-fork-run-4f4786dc-3549-4f9c-9b47-381e61aa936f: DetachedLogEvent(LogMessage(debug,> server-post-command-cleanup))
Sending msg to client play-fork-run-4f4786dc-3549-4f9c-9b47-381e61aa936f: ExecutionSuccess(7)
Sending msg to client play-fork-run-4f4786dc-3549-4f9c-9b47-381e61aa936f: DetachedLogEvent(LogMessage(debug,> server-handle-next-server-request))
Sending msg to client play-fork-run-4f4786dc-3549-4f9c-9b47-381e61aa936f: ExecutionWaiting(8,jobStop 1,ClientInfo(a5ba3759-9a2f-4171-857d-7d8b3ae75e40,activator,Activator,3,Vector()))
Sending msg to client play-fork-run-4f4786dc-3549-4f9c-9b47-381e61aa936f: ExecutionStarting(8)
Sending msg to client play-fork-run-4f4786dc-3549-4f9c-9b47-381e61aa936f: DetachedLogEvent(LogMessage(debug,> jobStop 1))
Sending msg to client play-fork-run-4f4786dc-3549-4f9c-9b47-381e61aa936f: DetachedLogEvent(LogMessage(debug,Evaluating tasks: *:jobStop))
Sending msg to client play-fork-run-4f4786dc-3549-4f9c-9b47-381e61aa936f: DetachedLogEvent(LogMessage(debug,Running task... Cancel: sbt.server.ServerTaskCancellation@5e43bad4, check cycles: false))
Sending msg to client play-fork-run-4f4786dc-3549-4f9c-9b47-381e61aa936f: DetachedLogEvent(LogMessage(debug,cancel strategy start enabled=true lastCommand=Some(LastCommand(CommandExecutionWork(ExecutionId(8),jobStop 1,Set(LiveClient(activator a5ba3759-9a2f-4171-857d-7d8b3ae75e40)),sbt.server.WorkCancellationStatus$$anon$1@175357d4)))))
Sending msg to client play-fork-run-4f4786dc-3549-4f9c-9b47-381e61aa936f: TaskStarted(8,385,Some(AttributeKey[void]("jobStop") in Scope(Global)))
Sending msg to client play-fork-run-4f4786dc-3549-4f9c-9b47-381e61aa936f: BackgroundJobLogEvent(1,LogMessage(info,Stopping Play fork run ...))
Sending msg to client play-fork-run-4f4786dc-3549-4f9c-9b47-381e61aa936f: TaskFinished(8,385,Some(AttributeKey[void]("jobStop") in Scope(Global)),true,None)
Sending msg to client play-fork-run-4f4786dc-3549-4f9c-9b47-381e61aa936f: TaskStarted(8,384,None)
Sending msg to client play-fork-run-4f4786dc-3549-4f9c-9b47-381e61aa936f: TaskFinished(8,384,None,true,None)
Sending msg to client play-fork-run-4f4786dc-3549-4f9c-9b47-381e61aa936f: TaskStarted(8,383,None)
Sending msg to client play-fork-run-4f4786dc-3549-4f9c-9b47-381e61aa936f: TaskFinished(8,383,None,true,None)
Sending msg to client play-fork-run-4f4786dc-3549-4f9c-9b47-381e61aa936f: DetachedLogEvent(LogMessage(debug,cancel strategy finish enabled=false lastCommand=Some(LastCommand(CommandExecutionWork(ExecutionId(8),jobStop 1,Set(LiveClient(activator a5ba3759-9a2f-4171-857d-7d8b3ae75e40)),sbt.server.WorkCancellationStatus$$anon$1@175357d4)))))
Sending msg to client play-fork-run-4f4786dc-3549-4f9c-9b47-381e61aa936f: DetachedLogEvent(LogSuccess(Total time: 0 s, completed Jun 26, 2016 8:28:23 AM))
Sending msg to client play-fork-run-4f4786dc-3549-4f9c-9b47-381e61aa936f: DetachedLogEvent(LogMessage(debug,> server-post-command-cleanup))
Sending msg to client play-fork-run-4f4786dc-3549-4f9c-9b47-381e61aa936f: ExecutionSuccess(8)
Sending msg to client play-fork-run-4f4786dc-3549-4f9c-9b47-381e61aa936f: DetachedLogEvent(LogMessage(debug,> server-handle-next-server-request))
Sending msg to client play-fork-run-4f4786dc-3549-4f9c-9b47-381e61aa936f: BackgroundJobLogEvent(1,LogMessage(info,p.c.s.NettyServer - Stopping server...))
Got request: UnlistenToEvents()
Reading next message from client.
Sending msg to client play-fork-run-4f4786dc-3549-4f9c-9b47-381e61aa936f: (9,ReceivedResponse())
Got request: UnlistenToValue(AttributeKey[play.forkrun.protocol.ForkConfig]("playForkConfig") in Scope(Build: file:/home/rajan/formfeed/, , Project: ProjectReference(file:/home/rajan/formfeed/,root)))
Reading next message from client.
Client play-fork-run-4f4786dc-3549-4f9c-9b47-381e61aa936f EOF, shutting down.
Stopping client.
Client play-fork-run-4f4786dc-3549-4f9c-9b47-381e61aa936f thread exiting.
Dropping message (10,ReceivedResponse()) to dead client play-fork-run-4f4786dc-3549-4f9c-9b47-381e61aa936f
Dropping message (0,ReceivedResponse()) to dead client play-fork-run-4f4786dc-3549-4f9c-9b47-381e61aa936f
